<?xml version="1.0" encoding="UTF-8"?>
<!-- Generated by org.testng.reporters.JUnitXMLReporter -->
<testsuite ignored="0" hostname="users-MBP" failures="2" tests="2" name="Test" time="0.919" errors="0" timestamp="2023-04-24T07:34:06 WAT">
  <testcase classname="grid.GoogleTest" name="HomePageCheck" time="0.883">
    <failure type="org.openqa.selenium.SessionNotCreatedException" message="Could not start a new session. Response code 404. Message: Unable to find handler for (POST) /session 
Host info: host: &amp;apos;users-MBP&amp;apos;, ip: &amp;apos;fe80:0:0:0:c04:2606:1b5a:bd8e%en0&amp;apos;
Build info: version: &amp;apos;4.9.0&amp;apos;, revision: &amp;apos;d7057100a6&amp;apos;
System info: os.name: &amp;apos;Mac OS X&amp;apos;, os.arch: &amp;apos;x86_64&amp;apos;, os.version: &amp;apos;12.6.5&amp;apos;, java.version: &amp;apos;19.0.1&amp;apos;
Driver info: org.openqa.selenium.remote.RemoteWebDriver
Command: [null, newSession {capabilities=[Capabilities {browserName: chrome}]}]
Capabilities {browserName: chrome}">
      <![CDATA[org.openqa.selenium.SessionNotCreatedException: Could not start a new session. Response code 404. Message: Unable to find handler for (POST) /session 
Host info: host: 'users-MBP', ip: 'fe80:0:0:0:c04:2606:1b5a:bd8e%en0'
Build info: version: '4.9.0', revision: 'd7057100a6'
System info: os.name: 'Mac OS X', os.arch: 'x86_64', os.version: '12.6.5', java.version: '19.0.1'
Driver info: org.openqa.selenium.remote.RemoteWebDriver
Command: [null, newSession {capabilities=[Capabilities {browserName: chrome}]}]
Capabilities {browserName: chrome}
at org.openqa.selenium.remote.ProtocolHandshake.createSession(ProtocolHandshake.java:136)
at org.openqa.selenium.remote.ProtocolHandshake.createSession(ProtocolHandshake.java:94)
at org.openqa.selenium.remote.ProtocolHandshake.createSession(ProtocolHandshake.java:68)
at org.openqa.selenium.remote.HttpCommandExecutor.execute(HttpCommandExecutor.java:165)
at org.openqa.selenium.remote.TracedCommandExecutor.execute(TracedCommandExecutor.java:51)
at org.openqa.selenium.remote.RemoteWebDriver.execute(RemoteWebDriver.java:543)
at org.openqa.selenium.remote.RemoteWebDriver.startSession(RemoteWebDriver.java:229)
at org.openqa.selenium.remote.RemoteWebDriver.<init>(RemoteWebDriver.java:157)
at org.openqa.selenium.remote.RemoteWebDriver.<init>(RemoteWebDriver.java:139)
at grid.GoogleTest.HomePageCheck(GoogleTest.java:26)
at java.base/java.util.concurrent.ThreadPoolExecutor.runWorker(ThreadPoolExecutor.java:1144)
at java.base/java.util.concurrent.ThreadPoolExecutor$Worker.run(ThreadPoolExecutor.java:642)
at java.base/java.lang.Thread.run(Thread.java:1589)
... Removed 10 stack frames]]>
    </failure>
  </testcase> <!-- HomePageCheck -->
  <testcase classname="grid.RSATest" name="HomePageCheck" time="0.883">
    <failure type="org.openqa.selenium.SessionNotCreatedException" message="Could not start a new session. Response code 404. Message: Unable to find handler for (POST) /session 
Host info: host: &amp;apos;users-MBP&amp;apos;, ip: &amp;apos;fe80:0:0:0:c04:2606:1b5a:bd8e%en0&amp;apos;
Build info: version: &amp;apos;4.9.0&amp;apos;, revision: &amp;apos;d7057100a6&amp;apos;
System info: os.name: &amp;apos;Mac OS X&amp;apos;, os.arch: &amp;apos;x86_64&amp;apos;, os.version: &amp;apos;12.6.5&amp;apos;, java.version: &amp;apos;19.0.1&amp;apos;
Driver info: org.openqa.selenium.remote.RemoteWebDriver
Command: [null, newSession {capabilities=[Capabilities {browserName: firefox}]}]
Capabilities {browserName: firefox}">
      <![CDATA[org.openqa.selenium.SessionNotCreatedException: Could not start a new session. Response code 404. Message: Unable to find handler for (POST) /session 
Host info: host: 'users-MBP', ip: 'fe80:0:0:0:c04:2606:1b5a:bd8e%en0'
Build info: version: '4.9.0', revision: 'd7057100a6'
System info: os.name: 'Mac OS X', os.arch: 'x86_64', os.version: '12.6.5', java.version: '19.0.1'
Driver info: org.openqa.selenium.remote.RemoteWebDriver
Command: [null, newSession {capabilities=[Capabilities {browserName: firefox}]}]
Capabilities {browserName: firefox}
at org.openqa.selenium.remote.ProtocolHandshake.createSession(ProtocolHandshake.java:136)
at org.openqa.selenium.remote.ProtocolHandshake.createSession(ProtocolHandshake.java:94)
at org.openqa.selenium.remote.ProtocolHandshake.createSession(ProtocolHandshake.java:68)
at org.openqa.selenium.remote.HttpCommandExecutor.execute(HttpCommandExecutor.java:165)
at org.openqa.selenium.remote.TracedCommandExecutor.execute(TracedCommandExecutor.java:51)
at org.openqa.selenium.remote.RemoteWebDriver.execute(RemoteWebDriver.java:543)
at org.openqa.selenium.remote.RemoteWebDriver.startSession(RemoteWebDriver.java:229)
at org.openqa.selenium.remote.RemoteWebDriver.<init>(RemoteWebDriver.java:157)
at org.openqa.selenium.remote.RemoteWebDriver.<init>(RemoteWebDriver.java:139)
at grid.RSATest.HomePageCheck(RSATest.java:25)
at java.base/java.util.concurrent.ThreadPoolExecutor.runWorker(ThreadPoolExecutor.java:1144)
at java.base/java.util.concurrent.ThreadPoolExecutor$Worker.run(ThreadPoolExecutor.java:642)
at java.base/java.lang.Thread.run(Thread.java:1589)
... Removed 10 stack frames]]>
    </failure>
  </testcase> <!-- HomePageCheck -->
</testsuite> <!-- Test -->
